[19:41:48] [main/INFO] (FabricLoader) Loading for game Minecraft 1.16.5
[19:41:48] [main/INFO] (Fabric|Loader) [FabricLoader] Loading 48 mods: fabric-screen-handler-api-v1@1.1.5+9354966b7d, fabric-networking-blockentity-v0@0.2.8+ca58154a7d, minecraft@1.16.5, fabric-renderer-api-v1@0.4.1+ca58154a7d, fabric-keybindings-v0@0.2.1+ca58154a7d, fabric-command-api-v1@1.1.0+f9b3753b7d, fabricloader@0.11.3, fabric-screen-api-v1@1.0.0+c045166c7d, fabric-tool-attribute-api-v1@1.2.6+ca58154a7d, fabric-renderer-indigo@0.4.4+ca58154a7d, fabric-structure-api-v1@1.1.4+ca58154a7d, fabric-containers-v0@0.1.11+9354966b7d, fabric-object-builder-api-v1@1.9.4+9354966b7d, fabric-dimensions-v1@2.0.6+9354966b7d, java@8, fabric-events-interaction-v0@0.4.2+ca58154a7d, fabric-item-api-v1@1.2.1+ca58154a7d, fabric-crash-report-info-v1@0.1.3+ca58154a7d, fabric-game-rule-api-v1@1.0.6+ca58154a7d, coolmod@${version}, fabric-entity-events-v1@1.0.3+ca58154a7d, fabric-api-base@0.2.1+9354966b7d, fabric-rendering-v0@1.1.2+ca58154a7d, fabric-key-binding-api-v1@1.0.4+9354966b7d, fabric-rendering-v1@1.5.1+ca58154a7d, fabric-rendering-data-attachment-v1@0.1.5+ca58154a7d, fabric-resource-loader-v0@0.4.2+ca58154a7d, fabric-textures-v0@1.0.6+ca58154a7d, fabric-content-registries-v0@0.2.1+ca58154a7d, fabric-tag-extensions-v0@1.1.1+ca58154a7d, fabric-biome-api-v1@3.1.1+ca58154a7d, fabric-rendering-fluids-v1@0.1.13+ca58154a7d, fabric-commands-v0@0.2.2+ca58154a7d, fabric-registry-sync-v0@0.7.4+ca58154a7d, fabric-blockrenderlayer-v1@1.1.5+ca58154a7d, fabric-lifecycle-events-v1@1.2.1+ca58154a7d, fabric-mining-levels-v0@0.1.3+ca58154a7d, fabric-renderer-registries-v1@2.2.1+ca58154a7d, fabric-networking-api-v1@1.0.1+ca58154a7d, fabric-events-lifecycle-v0@0.2.1+ca58154a7d, fabric-loot-tables-v1@1.0.2+ca58154a7d, fabric@0.32.0+1.16, fabric-models-v0@0.2.1+ca58154a7d, fabric-item-groups-v0@0.2.3+ca58154a7d, fabric-particles-v1@0.2.4+ca58154a7d, fabric-object-builders-v0@0.7.2+ca58154a7d, fabric-networking-v0@0.3.2+ca58154a7d, fabric-api-lookup-api-v1@1.0.0+dc716ea17d
[19:41:48] [main/WARN] (Fabric|Loader) Mod `coolmod` (${version}) does not respect SemVer - comparison support is limited.
[19:41:49] [main/INFO] (mixin) SpongePowered MIXIN Subsystem Version=0.8.2 Source=file:/Users/connorahn/.gradle/caches/modules-2/files-2.1/net.fabricmc/sponge-mixin/0.9.2+mixin.0.8.2/12c437eebf031967eaa7daad861e115932772cc7/sponge-mixin-0.9.2+mixin.0.8.2.jar Service=Knot/Fabric Env=CLIENT
[19:41:50] [main/INFO] (Fabric|MixinBootstrap) Loaded Fabric development mappings for mixin remapper!
[19:41:50] [main/INFO] (mixin) Remapping refMap fabric-networking-blockentity-v0-refmap.json using remapper chain
[19:41:50] [main/INFO] (mixin) Remapping refMap fabric-screen-handler-api-v1-refmap.json using remapper chain
[19:41:50] [main/INFO] (mixin) Remapping refMap fabric-lifecycle-events-v1-refmap.json using remapper chain
[19:41:50] [main/INFO] (mixin) Remapping refMap fabric-containers-v0-refmap.json using remapper chain
[19:41:50] [main/INFO] (mixin) Remapping refMap fabric-renderer-indigo-refmap.json using remapper chain
[19:41:50] [main/INFO] (mixin) Remapping refMap fabric-rendering-data-attachment-v1-refmap.json using remapper chain
[19:41:50] [main/INFO] (mixin) Remapping refMap fabric-structure-api-v1-refmap.json using remapper chain
[19:41:50] [main/INFO] (mixin) Remapping refMap fabric-events-interaction-v0-refmap.json using remapper chain
[19:41:50] [main/INFO] (mixin) Remapping refMap fabric-item-api-v1-refmap.json using remapper chain
[19:41:50] [main/INFO] (mixin) Remapping refMap fabric-loot-tables-v1-refmap.json using remapper chain
[19:41:50] [main/INFO] (mixin) Remapping refMap fabric-object-builder-api-v1-refmap.json using remapper chain
[19:41:50] [main/INFO] (mixin) Remapping refMap fabric-screen-api-v1-refmap.json using remapper chain
[19:41:50] [main/INFO] (mixin) Remapping refMap fabric-dimensions-v1-refmap.json using remapper chain
[19:41:50] [main/INFO] (mixin) Remapping refMap fabric-renderer-registries-v1-refmap.json using remapper chain
[19:41:50] [main/INFO] (mixin) Remapping refMap fabric-textures-v0-refmap.json using remapper chain
[19:41:50] [main/INFO] (mixin) Remapping refMap fabric-registry-sync-v0-refmap.json using remapper chain
[19:41:50] [main/INFO] (mixin) Remapping refMap fabric-models-v0-refmap.json using remapper chain
[19:41:50] [main/INFO] (mixin) Remapping refMap fabric-blockrenderlayer-v1-refmap.json using remapper chain
[19:41:50] [main/INFO] (mixin) Remapping refMap fabric-renderer-api-v1-refmap.json using remapper chain
[19:41:50] [main/INFO] (mixin) Remapping refMap fabric-containers-v0-refmap.json using remapper chain
[19:41:50] [main/INFO] (mixin) Remapping refMap fabric-rendering-fluids-v1-refmap.json using remapper chain
[19:41:50] [main/INFO] (mixin) Remapping refMap fabric-biome-api-v1-refmap.json using remapper chain
[19:41:50] [main/INFO] (mixin) Remapping refMap fabric-resource-loader-v0-refmap.json using remapper chain
[19:41:50] [main/INFO] (mixin) Remapping refMap fabric-game-rule-api-v1-refmap.json using remapper chain
[19:41:50] [main/INFO] (mixin) Remapping refMap fabric-networking-api-v1-refmap.json using remapper chain
[19:41:50] [main/INFO] (mixin) Remapping refMap fabric-particles-v1-refmap.json using remapper chain
[19:41:50] [main/INFO] (mixin) Remapping refMap fabric-object-builders-refmap.json using remapper chain
[19:41:50] [main/INFO] (mixin) Remapping refMap fabric-tag-extensions-v0-refmap.json using remapper chain
[19:41:50] [main/INFO] (mixin) Remapping refMap fabric-tool-attribute-api-v1-refmap.json using remapper chain
[19:41:50] [main/INFO] (mixin) Remapping refMap fabric-rendering-v1-refmap.json using remapper chain
[19:41:50] [main/INFO] (mixin) Remapping refMap fabric-item-groups-v0-refmap.json using remapper chain
[19:41:50] [main/INFO] (mixin) Remapping refMap fabric-content-registries-v0-refmap.json using remapper chain
[19:41:50] [main/INFO] (mixin) Remapping refMap fabric-command-api-v1-refmap.json using remapper chain
[19:41:50] [main/INFO] (mixin) Remapping refMap fabric-crash-report-info-v1-refmap.json using remapper chain
[19:41:50] [main/INFO] (mixin) Remapping refMap fabric-api-lookup-api-v1-refmap.json using remapper chain
[19:41:50] [main/INFO] (mixin) Remapping refMap fabric-entity-events-v1-refmap.json using remapper chain
[19:41:50] [main/INFO] (mixin) Remapping refMap fabric-key-binding-api-v1-refmap.json using remapper chain
[19:41:50] [main/INFO] (mixin) Remapping refMap fabric-renderer-api-v1-refmap.json using remapper chain
[19:41:51] [main/WARN] (mixin) @Mixin target net/minecraft/client/render/block/BlockModelRenderer$AmbientOcclusionCalculator is public in fabric-renderer-indigo.mixins.json:MixinAmbientOcclusionCalculator and should be specified in value
[19:41:51] [main/WARN] (mixin) @Mixin target net/minecraft/client/render/chunk/ChunkBuilder$BuiltChunk$RebuildTask is public in fabric-renderer-indigo.mixins.json:MixinChunkRebuildTask and should be specified in value
[19:41:51] [main/WARN] (mixin) @Mixin target net/minecraft/village/TradeOffers$TypeAwareBuyForOneEmeraldFactory is public in fabric-object-builder-v1.mixins.json:TypeAwareTradeMixin and should be specified in value
[19:41:51] [main/WARN] (mixin) @Mixin target net/minecraft/client/font/FontManager$1 is public in fabric-resource-loader-v0.mixins.json:client.FontManagerResourceReloadListenerMixin and should be specified in value
[19:41:51] [main/WARN] (mixin) @Mixin target net/minecraft/server/command/GameRuleCommand$1 is public in fabric-game-rule-api-v1.mixins.json:GameRuleCommandVisitorMixin and should be specified in value
[19:41:51] [main/WARN] (mixin) @Mixin target net/minecraft/client/gui/screen/world/EditGameRulesScreen$RuleListWidget$1 is public in fabric-game-rule-api-v1.mixins.json:client.RuleListWidgetVisitorMixin and should be specified in value
[19:41:51] [main/WARN] (mixin) @Mixin target net/minecraft/server/world/ThreadedAnvilChunkStorage$EntityTracker is public in fabric-networking-api-v1.mixins.json:accessor.EntityTrackerAccessor and should be specified in value
[19:41:52] [main/WARN] (mixin) @Mixin target net/minecraft/client/particle/ParticleManager$SimpleSpriteProvider is public in fabric-particles-v1.mixins.json:ParticleManagerAccessor$SimpleSpriteProviderAccessor and should be specified in value
[19:41:52] [main/WARN] (mixin) @Mixin target net/minecraft/tag/Tag$1 is public in fabric-tag-extensions-v0.mixins.json:MixinTagImpl and should be specified in value
[19:41:52] [main/WARN] (mixin) @Mixin target net/minecraft/tag/RequiredTagList$TagWrapper is public in fabric-tag-extensions-v0.mixins.json:MixinTagImpl and should be specified in value
[19:41:52] [main/FATAL] (mixin) Mixin prepare failed preparing ExampleMixin in coolmod.mixins.json: org.spongepowered.asm.mixin.transformer.throwables.InvalidMixinException The specified mixin 'masterthyme.coolmod.mixin.ExampleMixin' was not found
org.spongepowered.asm.mixin.transformer.throwables.InvalidMixinException: The specified mixin 'masterthyme.coolmod.mixin.ExampleMixin' was not found
	at org.spongepowered.asm.mixin.transformer.MixinInfo.<init>(MixinInfo.java:855) ~[sponge-mixin-0.9.2+mixin.0.8.2.jar:0.9.2+mixin.0.8.2]
	at org.spongepowered.asm.mixin.transformer.MixinConfig.prepareMixins(MixinConfig.java:715) ~[sponge-mixin-0.9.2+mixin.0.8.2.jar:0.9.2+mixin.0.8.2]
	at org.spongepowered.asm.mixin.transformer.MixinConfig.prepare(MixinConfig.java:652) ~[sponge-mixin-0.9.2+mixin.0.8.2.jar:0.9.2+mixin.0.8.2]
	at org.spongepowered.asm.mixin.transformer.MixinProcessor.prepareConfigs(MixinProcessor.java:514) [sponge-mixin-0.9.2+mixin.0.8.2.jar:0.9.2+mixin.0.8.2]
	at org.spongepowered.asm.mixin.transformer.MixinProcessor.select(MixinProcessor.java:439) [sponge-mixin-0.9.2+mixin.0.8.2.jar:0.9.2+mixin.0.8.2]
	at org.spongepowered.asm.mixin.transformer.MixinProcessor.checkSelect(MixinProcessor.java:415) [sponge-mixin-0.9.2+mixin.0.8.2.jar:0.9.2+mixin.0.8.2]
	at org.spongepowered.asm.mixin.transformer.MixinProcessor.applyMixins(MixinProcessor.java:285) [sponge-mixin-0.9.2+mixin.0.8.2.jar:0.9.2+mixin.0.8.2]
	at org.spongepowered.asm.mixin.transformer.MixinTransformer.transformClass(MixinTransformer.java:208) [sponge-mixin-0.9.2+mixin.0.8.2.jar:0.9.2+mixin.0.8.2]
	at org.spongepowered.asm.mixin.transformer.MixinTransformer.transformClassBytes(MixinTransformer.java:178) [sponge-mixin-0.9.2+mixin.0.8.2.jar:0.9.2+mixin.0.8.2]
	at org.spongepowered.asm.mixin.transformer.FabricMixinTransformerProxy.transformClassBytes(FabricMixinTransformerProxy.java:23) [fabric-loader-0.11.3.jar:0.9.2+mixin.0.8.2]
	at net.fabricmc.loader.launch.knot.KnotClassDelegate.getPostMixinClassByteArray(KnotClassDelegate.java:157) [fabric-loader-0.11.3.jar:?]
	at net.fabricmc.loader.launch.knot.KnotClassLoader.loadClass(KnotClassLoader.java:150) [fabric-loader-0.11.3.jar:?]
	at java.lang.ClassLoader.loadClass(ClassLoader.java:351) [?:1.8.0_281]
	at net.fabricmc.loader.game.MinecraftGameProvider.launch(MinecraftGameProvider.java:224) [fabric-loader-0.11.3.jar:?]
	at net.fabricmc.loader.launch.knot.Knot.launch(Knot.java:146) [fabric-loader-0.11.3.jar:?]
	at net.fabricmc.loader.launch.knot.KnotClient.main(KnotClient.java:28) [fabric-loader-0.11.3.jar:?]
	at net.fabricmc.devlaunchinjector.Main.main(Main.java:86) [dev-launch-injector-0.2.1+build.8.jar:?]
Caused by: java.lang.ClassNotFoundException: The specified mixin 'masterthyme.coolmod.mixin.ExampleMixin' was not found
	at org.spongepowered.asm.mixin.transformer.MixinInfo.loadMixinClass(MixinInfo.java:1297) ~[sponge-mixin-0.9.2+mixin.0.8.2.jar:0.9.2+mixin.0.8.2]
	at org.spongepowered.asm.mixin.transformer.MixinInfo.<init>(MixinInfo.java:848) ~[sponge-mixin-0.9.2+mixin.0.8.2.jar:0.9.2+mixin.0.8.2]
	... 16 more
